c:\opengl\projects\breakout\breakout\breakout\debug\vc140.pdb
c:\opengl\projects\breakout\breakout\breakout\debug\vc140.idb
c:\opengl\projects\breakout\breakout\breakout\debug\game.obj
c:\opengl\projects\breakout\breakout\breakout\debug\main.obj
c:\opengl\projects\breakout\breakout\breakout\debug\resource_manager.obj
c:\opengl\projects\breakout\breakout\breakout\debug\shader.obj
c:\opengl\projects\breakout\breakout\breakout\debug\sprite_renderer.obj
c:\opengl\projects\breakout\breakout\breakout\debug\stb_image.obj
c:\opengl\projects\breakout\breakout\breakout\debug\texture.obj
c:\opengl\projects\breakout\breakout\breakout\debug\glad.obj
c:\opengl\projects\breakout\breakout\breakout\debug\game_level.obj
c:\opengl\projects\breakout\breakout\breakout\debug\game_object.obj
c:\opengl\projects\breakout\breakout\breakout\debug\ball_object.obj
c:\opengl\projects\breakout\breakout\debug\breakout.pdb
c:\opengl\projects\breakout\breakout\breakout\debug\breakout.tlog\cl.command.1.tlog
c:\opengl\projects\breakout\breakout\breakout\debug\breakout.tlog\cl.read.1.tlog
c:\opengl\projects\breakout\breakout\breakout\debug\breakout.tlog\cl.write.1.tlog
c:\opengl\projects\breakout\breakout\breakout\debug\breakout.tlog\link.command.1.tlog
c:\opengl\projects\breakout\breakout\breakout\debug\breakout.tlog\link.read.1.tlog
c:\opengl\projects\breakout\breakout\breakout\debug\breakout.tlog\link.write.1.tlog
